<?xml version="1.0" encoding="UTF-8"?>
<coverage generated="1538032205707" clover="3.2.0">
  <project timestamp="1538032205707" name="All files">
    <metrics statements="90" coveredstatements="37" conditionals="21" coveredconditionals="0" methods="31" coveredmethods="4" elements="142" coveredelements="41" complexity="0" loc="90" ncloc="90" packages="5" files="19" classes="19">
      <package name="components.charts.chartjs">
        <metrics statements="35" coveredstatements="16" conditionals="2" coveredconditionals="0" methods="7" coveredmethods="0"/>
        <file name="BarChart.js" path="/Users/adrianazzie/Desktop/sdprojectnew/dashboard-frontend/src/components/charts/chartjs/BarChart.js">
          <metrics statements="2" coveredstatements="1" conditionals="0" coveredconditionals="0" methods="0" coveredmethods="0"/>
          <line num="3" count="4" type="stmt"/>
          <line num="12" count="0" type="stmt"/>
        </file>
        <file name="BubbleChart.js" path="/Users/adrianazzie/Desktop/sdprojectnew/dashboard-frontend/src/components/charts/chartjs/BubbleChart.js">
          <metrics statements="2" coveredstatements="1" conditionals="0" coveredconditionals="0" methods="0" coveredmethods="0"/>
          <line num="3" count="4" type="stmt"/>
          <line num="12" count="0" type="stmt"/>
        </file>
        <file name="Chart.vue" path="/Users/adrianazzie/Desktop/sdprojectnew/dashboard-frontend/src/components/charts/chartjs/Chart.vue">
          <metrics statements="14" coveredstatements="8" conditionals="0" coveredconditionals="0" methods="4" coveredmethods="0"/>
          <line num="17" count="4" type="stmt"/>
          <line num="18" count="4" type="stmt"/>
          <line num="19" count="4" type="stmt"/>
          <line num="20" count="4" type="stmt"/>
          <line num="21" count="4" type="stmt"/>
          <line num="22" count="4" type="stmt"/>
          <line num="23" count="4" type="stmt"/>
          <line num="24" count="4" type="stmt"/>
          <line num="39" count="0" type="stmt"/>
          <line num="44" count="0" type="stmt"/>
          <line num="65" count="0" type="stmt"/>
          <line num="69" count="0" type="stmt"/>
          <line num="72" count="0" type="stmt"/>
          <line num="82" count="0" type="stmt"/>
        </file>
        <file name="DoughnutChart.js" path="/Users/adrianazzie/Desktop/sdprojectnew/dashboard-frontend/src/components/charts/chartjs/DoughnutChart.js">
          <metrics statements="2" coveredstatements="1" conditionals="0" coveredconditionals="0" methods="0" coveredmethods="0"/>
          <line num="3" count="4" type="stmt"/>
          <line num="12" count="0" type="stmt"/>
        </file>
        <file name="LineChart.js" path="/Users/adrianazzie/Desktop/sdprojectnew/dashboard-frontend/src/components/charts/chartjs/LineChart.js">
          <metrics statements="2" coveredstatements="1" conditionals="0" coveredconditionals="0" methods="0" coveredmethods="0"/>
          <line num="3" count="4" type="stmt"/>
          <line num="12" count="0" type="stmt"/>
        </file>
        <file name="List.vue" path="/Users/adrianazzie/Desktop/sdprojectnew/dashboard-frontend/src/components/charts/chartjs/List.vue">
          <metrics statements="1" coveredstatements="0" conditionals="0" coveredconditionals="0" methods="1" coveredmethods="0"/>
          <line num="24" count="0" type="stmt"/>
        </file>
        <file name="PieChart.js" path="/Users/adrianazzie/Desktop/sdprojectnew/dashboard-frontend/src/components/charts/chartjs/PieChart.js">
          <metrics statements="2" coveredstatements="1" conditionals="0" coveredconditionals="0" methods="0" coveredmethods="0"/>
          <line num="3" count="4" type="stmt"/>
          <line num="12" count="0" type="stmt"/>
        </file>
        <file name="PolarChart.js" path="/Users/adrianazzie/Desktop/sdprojectnew/dashboard-frontend/src/components/charts/chartjs/PolarChart.js">
          <metrics statements="2" coveredstatements="1" conditionals="0" coveredconditionals="0" methods="0" coveredmethods="0"/>
          <line num="3" count="4" type="stmt"/>
          <line num="12" count="0" type="stmt"/>
        </file>
        <file name="RadarChart.js" path="/Users/adrianazzie/Desktop/sdprojectnew/dashboard-frontend/src/components/charts/chartjs/RadarChart.js">
          <metrics statements="2" coveredstatements="1" conditionals="0" coveredconditionals="0" methods="0" coveredmethods="0"/>
          <line num="3" count="4" type="stmt"/>
          <line num="12" count="0" type="stmt"/>
        </file>
        <file name="ScatterChart.js" path="/Users/adrianazzie/Desktop/sdprojectnew/dashboard-frontend/src/components/charts/chartjs/ScatterChart.js">
          <metrics statements="2" coveredstatements="1" conditionals="0" coveredconditionals="0" methods="0" coveredmethods="0"/>
          <line num="3" count="4" type="stmt"/>
          <line num="12" count="0" type="stmt"/>
        </file>
        <file name="Table.vue" path="/Users/adrianazzie/Desktop/sdprojectnew/dashboard-frontend/src/components/charts/chartjs/Table.vue">
          <metrics statements="4" coveredstatements="0" conditionals="2" coveredconditionals="0" methods="2" coveredmethods="0"/>
          <line num="22" count="0" type="stmt"/>
          <line num="47" count="0" type="cond" truecount="0" falsecount="2"/>
          <line num="48" count="0" type="stmt"/>
          <line num="50" count="0" type="stmt"/>
        </file>
      </package>
      <package name="components.misc">
        <metrics statements="13" coveredstatements="1" conditionals="16" coveredconditionals="0" methods="3" coveredmethods="0"/>
        <file name="FeatherIcon.vue" path="/Users/adrianazzie/Desktop/sdprojectnew/dashboard-frontend/src/components/misc/FeatherIcon.vue">
          <metrics statements="13" coveredstatements="1" conditionals="16" coveredconditionals="0" methods="3" coveredmethods="0"/>
          <line num="6" count="1" type="stmt"/>
          <line num="22" count="0" type="stmt"/>
          <line num="37" count="0" type="stmt"/>
          <line num="39" count="0" type="cond" truecount="0" falsecount="2"/>
          <line num="40" count="0" type="cond" truecount="0" falsecount="2"/>
          <line num="41" count="0" type="cond" truecount="0" falsecount="2"/>
          <line num="42" count="0" type="cond" truecount="0" falsecount="2"/>
          <line num="43" count="0" type="cond" truecount="0" falsecount="2"/>
          <line num="44" count="0" type="cond" truecount="0" falsecount="2"/>
          <line num="45" count="0" type="cond" truecount="0" falsecount="2"/>
          <line num="47" count="0" type="stmt"/>
          <line num="51" count="0" type="cond" truecount="0" falsecount="2"/>
          <line num="52" count="0" type="stmt"/>
        </file>
      </package>
      <package name="components.query">
        <metrics statements="2" coveredstatements="2" conditionals="0" coveredconditionals="0" methods="2" coveredmethods="2"/>
        <file name="QueryFilter.vue" path="/Users/adrianazzie/Desktop/sdprojectnew/dashboard-frontend/src/components/query/QueryFilter.vue">
          <metrics statements="2" coveredstatements="2" conditionals="0" coveredconditionals="0" methods="2" coveredmethods="2"/>
          <line num="53" count="3" type="stmt"/>
          <line num="65" count="3" type="stmt"/>
        </file>
      </package>
      <package name="components.reports">
        <metrics statements="13" coveredstatements="2" conditionals="3" coveredconditionals="0" methods="8" coveredmethods="0"/>
        <file name="ReportChart.vue" path="/Users/adrianazzie/Desktop/sdprojectnew/dashboard-frontend/src/components/reports/ReportChart.vue">
          <metrics statements="13" coveredstatements="2" conditionals="3" coveredconditionals="0" methods="8" coveredmethods="0"/>
          <line num="33" count="1" type="stmt"/>
          <line num="35" count="1" type="stmt"/>
          <line num="51" count="0" type="stmt"/>
          <line num="65" count="0" type="stmt"/>
          <line num="68" count="0" type="stmt"/>
          <line num="71" count="0" type="stmt"/>
          <line num="74" count="0" type="cond" truecount="0" falsecount="3"/>
          <line num="81" count="0" type="stmt"/>
          <line num="82" count="0" type="stmt"/>
          <line num="86" count="0" type="stmt"/>
          <line num="87" count="0" type="stmt"/>
          <line num="91" count="0" type="stmt"/>
          <line num="92" count="0" type="stmt"/>
        </file>
      </package>
      <package name="pages">
        <metrics statements="27" coveredstatements="16" conditionals="0" coveredconditionals="0" methods="11" coveredmethods="2"/>
        <file name="ChartExamples.vue" path="/Users/adrianazzie/Desktop/sdprojectnew/dashboard-frontend/src/pages/ChartExamples.vue">
          <metrics statements="5" coveredstatements="4" conditionals="0" coveredconditionals="0" methods="1" coveredmethods="0"/>
          <line num="35" count="1" type="stmt"/>
          <line num="36" count="1" type="stmt"/>
          <line num="37" count="1" type="stmt"/>
          <line num="38" count="1" type="stmt"/>
          <line num="43" count="0" type="stmt"/>
        </file>
        <file name="ChartTemplates.vue" path="/Users/adrianazzie/Desktop/sdprojectnew/dashboard-frontend/src/pages/ChartTemplates.vue">
          <metrics statements="3" coveredstatements="2" conditionals="0" coveredconditionals="0" methods="1" coveredmethods="0"/>
          <line num="69" count="1" type="stmt"/>
          <line num="70" count="1" type="stmt"/>
          <line num="79" count="0" type="stmt"/>
        </file>
        <file name="Query.vue" path="/Users/adrianazzie/Desktop/sdprojectnew/dashboard-frontend/src/pages/Query.vue">
          <metrics statements="11" coveredstatements="7" conditionals="0" coveredconditionals="0" methods="4" coveredmethods="2"/>
          <line num="17" count="1" type="stmt"/>
          <line num="18" count="1" type="stmt"/>
          <line num="19" count="1" type="stmt"/>
          <line num="20" count="1" type="stmt"/>
          <line num="29" count="3" type="stmt"/>
          <line num="37" count="3" type="stmt"/>
          <line num="38" count="3" type="stmt"/>
          <line num="41" count="0" type="stmt"/>
          <line num="42" count="0" type="stmt"/>
          <line num="45" count="0" type="stmt"/>
          <line num="46" count="0" type="stmt"/>
        </file>
        <file name="Report.vue" path="/Users/adrianazzie/Desktop/sdprojectnew/dashboard-frontend/src/pages/Report.vue">
          <metrics statements="5" coveredstatements="2" conditionals="0" coveredconditionals="0" methods="3" coveredmethods="0"/>
          <line num="15" count="1" type="stmt"/>
          <line num="16" count="1" type="stmt"/>
          <line num="26" count="0" type="stmt"/>
          <line num="29" count="0" type="stmt"/>
          <line num="34" count="0" type="stmt"/>
        </file>
        <file name="Reports.vue" path="/Users/adrianazzie/Desktop/sdprojectnew/dashboard-frontend/src/pages/Reports.vue">
          <metrics statements="3" coveredstatements="1" conditionals="0" coveredconditionals="0" methods="2" coveredmethods="0"/>
          <line num="30" count="1" type="stmt"/>
          <line num="39" count="0" type="stmt"/>
          <line num="44" count="0" type="stmt"/>
        </file>
      </package>
    </metrics>
  </project>
</coverage>
