{"/Users/adrianazzie/Desktop/sdprojectnew/dashboard-frontend/src/components/charts/chartjs/BarChart.js": {"path":"/Users/adrianazzie/Desktop/sdprojectnew/dashboard-frontend/src/components/charts/chartjs/BarChart.js","statementMap":{"0":{"start":{"line":3,"column":25},"end":{"line":3,"column":31}},"1":{"start":{"line":12,"column":4},"end":{"line":12,"column":51}}},"fnMap":{},"branchMap":{},"s":{"0":4,"1":0},"f":{},"b":{},"_coverageSchema":"332fd63041d2c1bcb487cc26dd0d5f7d97098a6c","hash":"9ea7bd8966ead3151702c52612fc56fbf163b9c4"}
,"/Users/adrianazzie/Desktop/sdprojectnew/dashboard-frontend/src/components/charts/chartjs/BubbleChart.js": {"path":"/Users/adrianazzie/Desktop/sdprojectnew/dashboard-frontend/src/components/charts/chartjs/BubbleChart.js","statementMap":{"0":{"start":{"line":3,"column":25},"end":{"line":3,"column":31}},"1":{"start":{"line":12,"column":4},"end":{"line":12,"column":51}}},"fnMap":{},"branchMap":{},"s":{"0":4,"1":0},"f":{},"b":{},"_coverageSchema":"332fd63041d2c1bcb487cc26dd0d5f7d97098a6c","hash":"ccc06fc00f654db45320082a61279d730d61c079"}
,"/Users/adrianazzie/Desktop/sdprojectnew/dashboard-frontend/src/components/charts/chartjs/Chart.vue": {"path":"/Users/adrianazzie/Desktop/sdprojectnew/dashboard-frontend/src/components/charts/chartjs/Chart.vue","statementMap":{"0":{"start":{"line":17,"column":0},"end":{"line":null,"column":-1}},"1":{"start":{"line":18,"column":0},"end":{"line":null,"column":-1}},"2":{"start":{"line":19,"column":0},"end":{"line":null,"column":-1}},"3":{"start":{"line":20,"column":0},"end":{"line":null,"column":-1}},"4":{"start":{"line":21,"column":0},"end":{"line":null,"column":-1}},"5":{"start":{"line":22,"column":0},"end":{"line":null,"column":-1}},"6":{"start":{"line":23,"column":0},"end":{"line":null,"column":-1}},"7":{"start":{"line":24,"column":0},"end":{"line":null,"column":-1}},"8":{"start":{"line":39,"column":0},"end":{"line":null,"column":-1}},"9":{"start":{"line":44,"column":0},"end":{"line":null,"column":-1}},"10":{"start":{"line":65,"column":0},"end":{"line":null,"column":-1}},"11":{"start":{"line":69,"column":0},"end":{"line":null,"column":-1}},"12":{"start":{"line":72,"column":0},"end":{"line":null,"column":-1}},"13":{"start":{"line":82,"column":0},"end":{"line":null,"column":-1}}},"fnMap":{"0":{"name":"data","decl":{"start":{"line":38,"column":0},"end":{"line":null,"column":-1}},"loc":{"start":{"line":38,"column":0},"end":{"line":42,"column":0}}},"1":{"name":"mounted","decl":{"start":{"line":43,"column":0},"end":{"line":null,"column":-1}},"loc":{"start":{"line":43,"column":0},"end":{"line":66,"column":0}}},"2":{"name":"startData","decl":{"start":{"line":68,"column":0},"end":{"line":null,"column":-1}},"loc":{"start":{"line":68,"column":0},"end":{"line":70,"column":0}}},"3":{"name":"addData","decl":{"start":{"line":71,"column":0},"end":{"line":null,"column":-1}},"loc":{"start":{"line":71,"column":0},"end":{"line":88,"column":0}}}},"branchMap":{},"s":{"0":4,"1":4,"2":4,"3":4,"4":4,"5":4,"6":4,"7":4,"8":0,"9":0,"10":0,"11":0,"12":0,"13":0},"f":{"0":0,"1":0,"2":0,"3":0},"b":{}}
,"/Users/adrianazzie/Desktop/sdprojectnew/dashboard-frontend/src/components/charts/chartjs/DoughnutChart.js": {"path":"/Users/adrianazzie/Desktop/sdprojectnew/dashboard-frontend/src/components/charts/chartjs/DoughnutChart.js","statementMap":{"0":{"start":{"line":3,"column":25},"end":{"line":3,"column":31}},"1":{"start":{"line":12,"column":4},"end":{"line":12,"column":51}}},"fnMap":{},"branchMap":{},"s":{"0":4,"1":0},"f":{},"b":{},"_coverageSchema":"332fd63041d2c1bcb487cc26dd0d5f7d97098a6c","hash":"3f6780b7450ecb949395deb48de40d72f103b0f7"}
,"/Users/adrianazzie/Desktop/sdprojectnew/dashboard-frontend/src/components/charts/chartjs/LineChart.js": {"path":"/Users/adrianazzie/Desktop/sdprojectnew/dashboard-frontend/src/components/charts/chartjs/LineChart.js","statementMap":{"0":{"start":{"line":3,"column":25},"end":{"line":3,"column":31}},"1":{"start":{"line":12,"column":4},"end":{"line":12,"column":51}}},"fnMap":{},"branchMap":{},"s":{"0":4,"1":0},"f":{},"b":{},"_coverageSchema":"332fd63041d2c1bcb487cc26dd0d5f7d97098a6c","hash":"bf0c0fad8ad2c3b2334292deca15b1b2dd3c8d0a"}
,"/Users/adrianazzie/Desktop/sdprojectnew/dashboard-frontend/src/components/charts/chartjs/List.vue": {"path":"/Users/adrianazzie/Desktop/sdprojectnew/dashboard-frontend/src/components/charts/chartjs/List.vue","statementMap":{"0":{"start":{"line":24,"column":0},"end":{"line":null,"column":-1}}},"fnMap":{"0":{"name":"data","decl":{"start":{"line":23,"column":0},"end":{"line":null,"column":-1}},"loc":{"start":{"line":23,"column":0},"end":{"line":43,"column":0}}}},"branchMap":{},"s":{"0":0},"f":{"0":0},"b":{}}
,"/Users/adrianazzie/Desktop/sdprojectnew/dashboard-frontend/src/components/charts/chartjs/PieChart.js": {"path":"/Users/adrianazzie/Desktop/sdprojectnew/dashboard-frontend/src/components/charts/chartjs/PieChart.js","statementMap":{"0":{"start":{"line":3,"column":25},"end":{"line":3,"column":31}},"1":{"start":{"line":12,"column":4},"end":{"line":12,"column":51}}},"fnMap":{},"branchMap":{},"s":{"0":4,"1":0},"f":{},"b":{},"_coverageSchema":"332fd63041d2c1bcb487cc26dd0d5f7d97098a6c","hash":"2d6bce823f5c39c847957ed7b062b9bbf83d800b"}
,"/Users/adrianazzie/Desktop/sdprojectnew/dashboard-frontend/src/components/charts/chartjs/PolarChart.js": {"path":"/Users/adrianazzie/Desktop/sdprojectnew/dashboard-frontend/src/components/charts/chartjs/PolarChart.js","statementMap":{"0":{"start":{"line":3,"column":25},"end":{"line":3,"column":31}},"1":{"start":{"line":12,"column":4},"end":{"line":12,"column":51}}},"fnMap":{},"branchMap":{},"s":{"0":4,"1":0},"f":{},"b":{},"_coverageSchema":"332fd63041d2c1bcb487cc26dd0d5f7d97098a6c","hash":"c98e920e77d95b1f08107e27a11fed88e1111ab2"}
,"/Users/adrianazzie/Desktop/sdprojectnew/dashboard-frontend/src/components/charts/chartjs/RadarChart.js": {"path":"/Users/adrianazzie/Desktop/sdprojectnew/dashboard-frontend/src/components/charts/chartjs/RadarChart.js","statementMap":{"0":{"start":{"line":3,"column":25},"end":{"line":3,"column":31}},"1":{"start":{"line":12,"column":4},"end":{"line":12,"column":51}}},"fnMap":{},"branchMap":{},"s":{"0":4,"1":0},"f":{},"b":{},"_coverageSchema":"332fd63041d2c1bcb487cc26dd0d5f7d97098a6c","hash":"ae9a9beaffa25c85961aff8456b6a7328ed39b57"}
,"/Users/adrianazzie/Desktop/sdprojectnew/dashboard-frontend/src/components/charts/chartjs/ScatterChart.js": {"path":"/Users/adrianazzie/Desktop/sdprojectnew/dashboard-frontend/src/components/charts/chartjs/ScatterChart.js","statementMap":{"0":{"start":{"line":3,"column":25},"end":{"line":3,"column":31}},"1":{"start":{"line":12,"column":4},"end":{"line":12,"column":51}}},"fnMap":{},"branchMap":{},"s":{"0":4,"1":0},"f":{},"b":{},"_coverageSchema":"332fd63041d2c1bcb487cc26dd0d5f7d97098a6c","hash":"c3188a24264d27b580890e5819e3b8cd972e7056"}
,"/Users/adrianazzie/Desktop/sdprojectnew/dashboard-frontend/src/components/charts/chartjs/Table.vue": {"path":"/Users/adrianazzie/Desktop/sdprojectnew/dashboard-frontend/src/components/charts/chartjs/Table.vue","statementMap":{"0":{"start":{"line":22,"column":0},"end":{"line":null,"column":-1}},"1":{"start":{"line":47,"column":0},"end":{"line":49,"column":0}},"2":{"start":{"line":48,"column":0},"end":{"line":null,"column":-1}},"3":{"start":{"line":50,"column":0},"end":{"line":null,"column":-1}}},"fnMap":{"0":{"name":"data","decl":{"start":{"line":21,"column":0},"end":{"line":null,"column":-1}},"loc":{"start":{"line":21,"column":0},"end":{"line":44,"column":0}}},"1":{"name":"columns","decl":{"start":{"line":46,"column":0},"end":{"line":null,"column":-1}},"loc":{"start":{"line":46,"column":0},"end":{"line":51,"column":0}}}},"branchMap":{"0":{"loc":{"start":{"line":47,"column":0},"end":{"line":49,"column":0}},"type":"if","locations":[{"start":{"line":47,"column":0},"end":{"line":49,"column":0}},{"start":{"line":47,"column":0},"end":{"line":49,"column":0}}]}},"s":{"0":0,"1":0,"2":0,"3":0},"f":{"0":0,"1":0},"b":{"0":[0,0]}}
,"/Users/adrianazzie/Desktop/sdprojectnew/dashboard-frontend/src/components/misc/FeatherIcon.vue": {"path":"/Users/adrianazzie/Desktop/sdprojectnew/dashboard-frontend/src/components/misc/FeatherIcon.vue","statementMap":{"0":{"start":{"line":6,"column":0},"end":{"line":null,"column":-1}},"1":{"start":{"line":22,"column":0},"end":{"line":null,"column":-1}},"2":{"start":{"line":37,"column":0},"end":{"line":null,"column":-1}},"3":{"start":{"line":39,"column":0},"end":{"line":null,"column":-1}},"4":{"start":{"line":40,"column":0},"end":{"line":null,"column":-1}},"5":{"start":{"line":41,"column":0},"end":{"line":null,"column":-1}},"6":{"start":{"line":42,"column":0},"end":{"line":null,"column":-1}},"7":{"start":{"line":43,"column":0},"end":{"line":null,"column":-1}},"8":{"start":{"line":44,"column":0},"end":{"line":null,"column":-1}},"9":{"start":{"line":45,"column":0},"end":{"line":null,"column":-1}},"10":{"start":{"line":47,"column":0},"end":{"line":null,"column":-1}},"11":{"start":{"line":51,"column":0},"end":{"line":53,"column":0}},"12":{"start":{"line":52,"column":0},"end":{"line":null,"column":-1}}},"fnMap":{"0":{"name":"_default","decl":{"start":{"line":22,"column":0},"end":{"line":null,"column":-1}},"loc":{"start":{"line":22,"column":0},"end":{"line":null,"column":-1}}},"1":{"name":"image","decl":{"start":{"line":35,"column":0},"end":{"line":null,"column":-1}},"loc":{"start":{"line":35,"column":0},"end":{"line":48,"column":0}}},"2":{"name":"created","decl":{"start":{"line":50,"column":0},"end":{"line":null,"column":-1}},"loc":{"start":{"line":50,"column":0},"end":{"line":54,"column":0}}}},"branchMap":{"0":{"loc":{"start":{"line":39,"column":0},"end":{"line":null,"column":-1}},"type":"if","locations":[{"start":{"line":39,"column":0},"end":{"line":null,"column":-1}},{"start":{"line":39,"column":0},"end":{"line":null,"column":-1}}]},"1":{"loc":{"start":{"line":40,"column":0},"end":{"line":null,"column":-1}},"type":"if","locations":[{"start":{"line":40,"column":0},"end":{"line":null,"column":-1}},{"start":{"line":40,"column":0},"end":{"line":null,"column":-1}}]},"2":{"loc":{"start":{"line":41,"column":0},"end":{"line":null,"column":-1}},"type":"if","locations":[{"start":{"line":41,"column":0},"end":{"line":null,"column":-1}},{"start":{"line":41,"column":0},"end":{"line":null,"column":-1}}]},"3":{"loc":{"start":{"line":42,"column":0},"end":{"line":null,"column":-1}},"type":"if","locations":[{"start":{"line":42,"column":0},"end":{"line":null,"column":-1}},{"start":{"line":42,"column":0},"end":{"line":null,"column":-1}}]},"4":{"loc":{"start":{"line":43,"column":0},"end":{"line":null,"column":-1}},"type":"if","locations":[{"start":{"line":43,"column":0},"end":{"line":null,"column":-1}},{"start":{"line":43,"column":0},"end":{"line":null,"column":-1}}]},"5":{"loc":{"start":{"line":44,"column":0},"end":{"line":null,"column":-1}},"type":"if","locations":[{"start":{"line":44,"column":0},"end":{"line":null,"column":-1}},{"start":{"line":44,"column":0},"end":{"line":null,"column":-1}}]},"6":{"loc":{"start":{"line":45,"column":0},"end":{"line":null,"column":-1}},"type":"if","locations":[{"start":{"line":45,"column":0},"end":{"line":null,"column":-1}},{"start":{"line":45,"column":0},"end":{"line":null,"column":-1}}]},"7":{"loc":{"start":{"line":51,"column":0},"end":{"line":53,"column":0}},"type":"if","locations":[{"start":{"line":51,"column":0},"end":{"line":53,"column":0}},{"start":{"line":51,"column":0},"end":{"line":53,"column":0}}]}},"s":{"0":1,"1":0,"2":0,"3":0,"4":0,"5":0,"6":0,"7":0,"8":0,"9":0,"10":0,"11":0,"12":0},"f":{"0":0,"1":0,"2":0},"b":{"0":[0,0],"1":[0,0],"2":[0,0],"3":[0,0],"4":[0,0],"5":[0,0],"6":[0,0],"7":[0,0]}}
,"/Users/adrianazzie/Desktop/sdprojectnew/dashboard-frontend/src/components/query/QueryFilter.vue": {"path":"/Users/adrianazzie/Desktop/sdprojectnew/dashboard-frontend/src/components/query/QueryFilter.vue","statementMap":{"0":{"start":{"line":53,"column":0},"end":{"line":null,"column":-1}},"1":{"start":{"line":65,"column":0},"end":{"line":null,"column":-1}}},"fnMap":{"0":{"name":"_default","decl":{"start":{"line":53,"column":0},"end":{"line":null,"column":-1}},"loc":{"start":{"line":53,"column":0},"end":{"line":null,"column":-1}}},"1":{"name":"data","decl":{"start":{"line":65,"column":0},"end":{"line":null,"column":-1}},"loc":{"start":{"line":65,"column":0},"end":{"line":null,"column":-1}}}},"branchMap":{},"s":{"0":3,"1":3},"f":{"0":3,"1":3},"b":{}}
,"/Users/adrianazzie/Desktop/sdprojectnew/dashboard-frontend/src/components/reports/ReportChart.vue": {"path":"/Users/adrianazzie/Desktop/sdprojectnew/dashboard-frontend/src/components/reports/ReportChart.vue","statementMap":{"0":{"start":{"line":33,"column":0},"end":{"line":null,"column":-1}},"1":{"start":{"line":35,"column":0},"end":{"line":null,"column":-1}},"2":{"start":{"line":51,"column":0},"end":{"line":null,"column":-1}},"3":{"start":{"line":65,"column":0},"end":{"line":null,"column":-1}},"4":{"start":{"line":68,"column":0},"end":{"line":null,"column":-1}},"5":{"start":{"line":71,"column":0},"end":{"line":null,"column":-1}},"6":{"start":{"line":74,"column":0},"end":{"line":null,"column":-1}},"7":{"start":{"line":81,"column":0},"end":{"line":null,"column":-1}},"8":{"start":{"line":82,"column":0},"end":{"line":null,"column":-1}},"9":{"start":{"line":86,"column":0},"end":{"line":null,"column":-1}},"10":{"start":{"line":87,"column":0},"end":{"line":null,"column":-1}},"11":{"start":{"line":91,"column":0},"end":{"line":null,"column":-1}},"12":{"start":{"line":92,"column":0},"end":{"line":null,"column":-1}}},"fnMap":{"0":{"name":"data","decl":{"start":{"line":51,"column":0},"end":{"line":null,"column":-1}},"loc":{"start":{"line":51,"column":0},"end":{"line":null,"column":-1}}},"1":{"name":"reportId","decl":{"start":{"line":64,"column":0},"end":{"line":null,"column":-1}},"loc":{"start":{"line":64,"column":0},"end":{"line":66,"column":0}}},"2":{"name":"report","decl":{"start":{"line":67,"column":0},"end":{"line":null,"column":-1}},"loc":{"start":{"line":67,"column":0},"end":{"line":69,"column":0}}},"3":{"name":"details","decl":{"start":{"line":70,"column":0},"end":{"line":null,"column":-1}},"loc":{"start":{"line":70,"column":0},"end":{"line":72,"column":0}}},"4":{"name":"isEditorOpen","decl":{"start":{"line":73,"column":0},"end":{"line":null,"column":-1}},"loc":{"start":{"line":73,"column":0},"end":{"line":77,"column":0}}},"5":{"name":"openPopup","decl":{"start":{"line":80,"column":0},"end":{"line":null,"column":-1}},"loc":{"start":{"line":80,"column":0},"end":{"line":83,"column":0}}},"6":{"name":"toggleEditor","decl":{"start":{"line":85,"column":0},"end":{"line":null,"column":-1}},"loc":{"start":{"line":85,"column":0},"end":{"line":88,"column":0}}},"7":{"name":"deletePrompt","decl":{"start":{"line":90,"column":0},"end":{"line":null,"column":-1}},"loc":{"start":{"line":90,"column":0},"end":{"line":94,"column":0}}}},"branchMap":{"0":{"loc":{"start":{"line":74,"column":0},"end":{"line":null,"column":-1}},"type":"binary-expr","locations":[{"start":{"line":74,"column":0},"end":{"line":null,"column":-1}},{"start":{"line":74,"column":0},"end":{"line":null,"column":-1}},{"start":{"line":74,"column":0},"end":{"line":null,"column":-1}}]}},"s":{"0":1,"1":1,"2":0,"3":0,"4":0,"5":0,"6":0,"7":0,"8":0,"9":0,"10":0,"11":0,"12":0},"f":{"0":0,"1":0,"2":0,"3":0,"4":0,"5":0,"6":0,"7":0},"b":{"0":[0,0,0]}}
,"/Users/adrianazzie/Desktop/sdprojectnew/dashboard-frontend/src/pages/ChartExamples.vue": {"path":"/Users/adrianazzie/Desktop/sdprojectnew/dashboard-frontend/src/pages/ChartExamples.vue","statementMap":{"0":{"start":{"line":35,"column":0},"end":{"line":null,"column":-1}},"1":{"start":{"line":36,"column":0},"end":{"line":null,"column":-1}},"2":{"start":{"line":37,"column":0},"end":{"line":null,"column":-1}},"3":{"start":{"line":38,"column":0},"end":{"line":null,"column":-1}},"4":{"start":{"line":43,"column":0},"end":{"line":null,"column":-1}}},"fnMap":{"0":{"name":"data","decl":{"start":{"line":42,"column":0},"end":{"line":null,"column":-1}},"loc":{"start":{"line":42,"column":0},"end":{"line":47,"column":0}}}},"branchMap":{},"s":{"0":1,"1":1,"2":1,"3":1,"4":0},"f":{"0":0},"b":{}}
,"/Users/adrianazzie/Desktop/sdprojectnew/dashboard-frontend/src/pages/ChartTemplates.vue": {"path":"/Users/adrianazzie/Desktop/sdprojectnew/dashboard-frontend/src/pages/ChartTemplates.vue","statementMap":{"0":{"start":{"line":69,"column":0},"end":{"line":null,"column":-1}},"1":{"start":{"line":70,"column":0},"end":{"line":null,"column":-1}},"2":{"start":{"line":79,"column":0},"end":{"line":null,"column":-1}}},"fnMap":{"0":{"name":"data","decl":{"start":{"line":78,"column":0},"end":{"line":null,"column":-1}},"loc":{"start":{"line":78,"column":0},"end":{"line":91,"column":0}}}},"branchMap":{},"s":{"0":1,"1":1,"2":0},"f":{"0":0},"b":{}}
,"/Users/adrianazzie/Desktop/sdprojectnew/dashboard-frontend/src/pages/Query.vue": {"path":"/Users/adrianazzie/Desktop/sdprojectnew/dashboard-frontend/src/pages/Query.vue","statementMap":{"0":{"start":{"line":17,"column":0},"end":{"line":null,"column":-1}},"1":{"start":{"line":18,"column":0},"end":{"line":null,"column":-1}},"2":{"start":{"line":19,"column":0},"end":{"line":null,"column":-1}},"3":{"start":{"line":20,"column":0},"end":{"line":null,"column":-1}},"4":{"start":{"line":29,"column":0},"end":{"line":null,"column":-1}},"5":{"start":{"line":37,"column":0},"end":{"line":null,"column":-1}},"6":{"start":{"line":38,"column":0},"end":{"line":47,"column":0}},"7":{"start":{"line":41,"column":0},"end":{"line":null,"column":-1}},"8":{"start":{"line":42,"column":0},"end":{"line":null,"column":-1}},"9":{"start":{"line":45,"column":0},"end":{"line":null,"column":-1}},"10":{"start":{"line":46,"column":0},"end":{"line":null,"column":-1}}},"fnMap":{"0":{"name":"data","decl":{"start":{"line":28,"column":0},"end":{"line":null,"column":-1}},"loc":{"start":{"line":28,"column":0},"end":{"line":36,"column":0}}},"1":{"name":"mounted","decl":{"start":{"line":37,"column":0},"end":{"line":null,"column":-1}},"loc":{"start":{"line":37,"column":0},"end":{"line":48,"column":0}}},"2":{"name":"(anonymous_3)","decl":{"start":{"line":38,"column":0},"end":{"line":null,"column":-1}},"loc":{"start":{"line":38,"column":0},"end":{"line":43,"column":0}}},"3":{"name":"(anonymous_4)","decl":{"start":{"line":43,"column":0},"end":{"line":null,"column":-1}},"loc":{"start":{"line":43,"column":0},"end":{"line":47,"column":0}}}},"branchMap":{},"s":{"0":1,"1":1,"2":1,"3":1,"4":3,"5":3,"6":3,"7":0,"8":0,"9":0,"10":0},"f":{"0":3,"1":3,"2":0,"3":0},"b":{}}
,"/Users/adrianazzie/Desktop/sdprojectnew/dashboard-frontend/src/pages/Report.vue": {"path":"/Users/adrianazzie/Desktop/sdprojectnew/dashboard-frontend/src/pages/Report.vue","statementMap":{"0":{"start":{"line":15,"column":0},"end":{"line":null,"column":-1}},"1":{"start":{"line":16,"column":0},"end":{"line":null,"column":-1}},"2":{"start":{"line":26,"column":0},"end":{"line":null,"column":-1}},"3":{"start":{"line":29,"column":0},"end":{"line":null,"column":-1}},"4":{"start":{"line":34,"column":0},"end":{"line":null,"column":-1}}},"fnMap":{"0":{"name":"report_id","decl":{"start":{"line":25,"column":0},"end":{"line":null,"column":-1}},"loc":{"start":{"line":25,"column":0},"end":{"line":27,"column":0}}},"1":{"name":"report","decl":{"start":{"line":28,"column":0},"end":{"line":null,"column":-1}},"loc":{"start":{"line":28,"column":0},"end":{"line":30,"column":0}}},"2":{"name":"create","decl":{"start":{"line":33,"column":0},"end":{"line":null,"column":-1}},"loc":{"start":{"line":33,"column":0},"end":{"line":35,"column":0}}}},"branchMap":{},"s":{"0":1,"1":1,"2":0,"3":0,"4":0},"f":{"0":0,"1":0,"2":0},"b":{}}
,"/Users/adrianazzie/Desktop/sdprojectnew/dashboard-frontend/src/pages/Reports.vue": {"path":"/Users/adrianazzie/Desktop/sdprojectnew/dashboard-frontend/src/pages/Reports.vue","statementMap":{"0":{"start":{"line":30,"column":0},"end":{"line":null,"column":-1}},"1":{"start":{"line":39,"column":0},"end":{"line":null,"column":-1}},"2":{"start":{"line":44,"column":0},"end":{"line":null,"column":-1}}},"fnMap":{"0":{"name":"reports","decl":{"start":{"line":38,"column":0},"end":{"line":null,"column":-1}},"loc":{"start":{"line":38,"column":0},"end":{"line":40,"column":0}}},"1":{"name":"create","decl":{"start":{"line":43,"column":0},"end":{"line":null,"column":-1}},"loc":{"start":{"line":43,"column":0},"end":{"line":45,"column":0}}}},"branchMap":{},"s":{"0":1,"1":0,"2":0},"f":{"0":0,"1":0},"b":{}}
}
