TN:
SF:/Users/adrianazzie/Desktop/sdprojectnew/dashboard-frontend/src/components/charts/chartjs/BarChart.js
FNF:0
FNH:0
DA:3,4
DA:12,0
LF:2
LH:1
BRF:0
BRH:0
end_of_record
TN:
SF:/Users/adrianazzie/Desktop/sdprojectnew/dashboard-frontend/src/components/charts/chartjs/BubbleChart.js
FNF:0
FNH:0
DA:3,4
DA:12,0
LF:2
LH:1
BRF:0
BRH:0
end_of_record
TN:
SF:/Users/adrianazzie/Desktop/sdprojectnew/dashboard-frontend/src/components/charts/chartjs/Chart.vue
FN:38,data
FN:43,mounted
FN:68,startData
FN:71,addData
FNF:4
FNH:0
FNDA:0,data
FNDA:0,mounted
FNDA:0,startData
FNDA:0,addData
DA:17,4
DA:18,4
DA:19,4
DA:20,4
DA:21,4
DA:22,4
DA:23,4
DA:24,4
DA:39,0
DA:44,0
DA:65,0
DA:69,0
DA:72,0
DA:82,0
LF:14
LH:8
BRF:0
BRH:0
end_of_record
TN:
SF:/Users/adrianazzie/Desktop/sdprojectnew/dashboard-frontend/src/components/charts/chartjs/DoughnutChart.js
FNF:0
FNH:0
DA:3,4
DA:12,0
LF:2
LH:1
BRF:0
BRH:0
end_of_record
TN:
SF:/Users/adrianazzie/Desktop/sdprojectnew/dashboard-frontend/src/components/charts/chartjs/LineChart.js
FNF:0
FNH:0
DA:3,4
DA:12,0
LF:2
LH:1
BRF:0
BRH:0
end_of_record
TN:
SF:/Users/adrianazzie/Desktop/sdprojectnew/dashboard-frontend/src/components/charts/chartjs/List.vue
FN:23,data
FNF:1
FNH:0
FNDA:0,data
DA:24,0
LF:1
LH:0
BRF:0
BRH:0
end_of_record
TN:
SF:/Users/adrianazzie/Desktop/sdprojectnew/dashboard-frontend/src/components/charts/chartjs/PieChart.js
FNF:0
FNH:0
DA:3,4
DA:12,0
LF:2
LH:1
BRF:0
BRH:0
end_of_record
TN:
SF:/Users/adrianazzie/Desktop/sdprojectnew/dashboard-frontend/src/components/charts/chartjs/PolarChart.js
FNF:0
FNH:0
DA:3,4
DA:12,0
LF:2
LH:1
BRF:0
BRH:0
end_of_record
TN:
SF:/Users/adrianazzie/Desktop/sdprojectnew/dashboard-frontend/src/components/charts/chartjs/RadarChart.js
FNF:0
FNH:0
DA:3,4
DA:12,0
LF:2
LH:1
BRF:0
BRH:0
end_of_record
TN:
SF:/Users/adrianazzie/Desktop/sdprojectnew/dashboard-frontend/src/components/charts/chartjs/ScatterChart.js
FNF:0
FNH:0
DA:3,4
DA:12,0
LF:2
LH:1
BRF:0
BRH:0
end_of_record
TN:
SF:/Users/adrianazzie/Desktop/sdprojectnew/dashboard-frontend/src/components/charts/chartjs/Table.vue
FN:21,data
FN:46,columns
FNF:2
FNH:0
FNDA:0,data
FNDA:0,columns
DA:22,0
DA:47,0
DA:48,0
DA:50,0
LF:4
LH:0
BRDA:47,0,0,0
BRDA:47,0,1,0
BRF:2
BRH:0
end_of_record
TN:
SF:/Users/adrianazzie/Desktop/sdprojectnew/dashboard-frontend/src/components/misc/FeatherIcon.vue
FN:22,_default
FN:35,image
FN:50,created
FNF:3
FNH:0
FNDA:0,_default
FNDA:0,image
FNDA:0,created
DA:6,1
DA:22,0
DA:37,0
DA:39,0
DA:40,0
DA:41,0
DA:42,0
DA:43,0
DA:44,0
DA:45,0
DA:47,0
DA:51,0
DA:52,0
LF:13
LH:1
BRDA:39,0,0,0
BRDA:39,0,1,0
BRDA:40,1,0,0
BRDA:40,1,1,0
BRDA:41,2,0,0
BRDA:41,2,1,0
BRDA:42,3,0,0
BRDA:42,3,1,0
BRDA:43,4,0,0
BRDA:43,4,1,0
BRDA:44,5,0,0
BRDA:44,5,1,0
BRDA:45,6,0,0
BRDA:45,6,1,0
BRDA:51,7,0,0
BRDA:51,7,1,0
BRF:16
BRH:0
end_of_record
TN:
SF:/Users/adrianazzie/Desktop/sdprojectnew/dashboard-frontend/src/components/query/QueryFilter.vue
FN:53,_default
FN:65,data
FNF:2
FNH:2
FNDA:3,_default
FNDA:3,data
DA:53,3
DA:65,3
LF:2
LH:2
BRF:0
BRH:0
end_of_record
TN:
SF:/Users/adrianazzie/Desktop/sdprojectnew/dashboard-frontend/src/components/reports/ReportChart.vue
FN:51,data
FN:64,reportId
FN:67,report
FN:70,details
FN:73,isEditorOpen
FN:80,openPopup
FN:85,toggleEditor
FN:90,deletePrompt
FNF:8
FNH:0
FNDA:0,data
FNDA:0,reportId
FNDA:0,report
FNDA:0,details
FNDA:0,isEditorOpen
FNDA:0,openPopup
FNDA:0,toggleEditor
FNDA:0,deletePrompt
DA:33,1
DA:35,1
DA:51,0
DA:65,0
DA:68,0
DA:71,0
DA:74,0
DA:81,0
DA:82,0
DA:86,0
DA:87,0
DA:91,0
DA:92,0
LF:13
LH:2
BRDA:74,0,0,0
BRDA:74,0,1,0
BRDA:74,0,2,0
BRF:3
BRH:0
end_of_record
TN:
SF:/Users/adrianazzie/Desktop/sdprojectnew/dashboard-frontend/src/pages/ChartExamples.vue
FN:42,data
FNF:1
FNH:0
FNDA:0,data
DA:35,1
DA:36,1
DA:37,1
DA:38,1
DA:43,0
LF:5
LH:4
BRF:0
BRH:0
end_of_record
TN:
SF:/Users/adrianazzie/Desktop/sdprojectnew/dashboard-frontend/src/pages/ChartTemplates.vue
FN:78,data
FNF:1
FNH:0
FNDA:0,data
DA:69,1
DA:70,1
DA:79,0
LF:3
LH:2
BRF:0
BRH:0
end_of_record
TN:
SF:/Users/adrianazzie/Desktop/sdprojectnew/dashboard-frontend/src/pages/Query.vue
FN:28,data
FN:37,mounted
FN:38,(anonymous_3)
FN:43,(anonymous_4)
FNF:4
FNH:2
FNDA:3,data
FNDA:3,mounted
FNDA:0,(anonymous_3)
FNDA:0,(anonymous_4)
DA:17,1
DA:18,1
DA:19,1
DA:20,1
DA:29,3
DA:37,3
DA:38,3
DA:41,0
DA:42,0
DA:45,0
DA:46,0
LF:11
LH:7
BRF:0
BRH:0
end_of_record
TN:
SF:/Users/adrianazzie/Desktop/sdprojectnew/dashboard-frontend/src/pages/Report.vue
FN:25,report_id
FN:28,report
FN:33,create
FNF:3
FNH:0
FNDA:0,report_id
FNDA:0,report
FNDA:0,create
DA:15,1
DA:16,1
DA:26,0
DA:29,0
DA:34,0
LF:5
LH:2
BRF:0
BRH:0
end_of_record
TN:
SF:/Users/adrianazzie/Desktop/sdprojectnew/dashboard-frontend/src/pages/Reports.vue
FN:38,reports
FN:43,create
FNF:2
FNH:0
FNDA:0,reports
FNDA:0,create
DA:30,1
DA:39,0
DA:44,0
LF:3
LH:1
BRF:0
BRH:0
end_of_record
